applications/kakao-open-android-sdk-sample/build/outputs/logs/manifest-merger-production-debug-report.txt
-- Merging decision tree log ---
manifest
ADDED from src\main\AndroidManifest.xml:2:1-176:12
INJECTED from src\main\AndroidManifest.xml:2:1-176:12
INJECTED from src\main\AndroidManifest.xml:2:1-176:12
MERGED from [:libraries:push] AndroidManifest.xml:2:1-11:12
MERGED from [com.google.android.gms:play-services-gcm:12.0.1] AndroidManifest.xml:17:1-28:12
MERGED from [com.google.firebase:firebase-messaging:17.3.3] AndroidManifest.xml:17:1-37:12
MERGED from [com.google.firebase:firebase-database:16.1.0] AndroidManifest.xml:15:1-36:12
MERGED from [com.google.firebase:firebase-storage:16.1.0] AndroidManifest.xml:15:1-37:12
MERGED from [com.google.firebase:firebase-auth:16.2.0] AndroidManifest.xml:17:1-42:12
MERGED from [com.google.android.gms:play-services-iid:12.0.1] AndroidManifest.xml:17:1-28:12
MERGED from [com.google.android.gms:play-services-flags:16.0.1] AndroidManifest.xml:17:1-22:12
MERGED from [com.google.firebase:firebase-auth-interop:16.0.1] AndroidManifest.xml:2:1-10:12
MERGED from [com.google.firebase:firebase-core:16.0.4] AndroidManifest.xml:2:1-9:12
MERGED from [com.google.firebase:firebase-measurement-connector-impl:17.0.2] AndroidManifest.xml:17:1-34:12
MERGED from [com.google.firebase:firebase-analytics:16.0.4] AndroidManifest.xml:17:1-55:12
MERGED from [com.google.android.gms:play-services-measurement-api:16.0.2] AndroidManifest.xml:17:1-25:12
MERGED from [com.google.firebase:firebase-analytics-impl:16.2.2] AndroidManifest.xml:17:1-40:12
MERGED from [com.google.firebase:firebase-iid:17.0.3] AndroidManifest.xml:17:1-59:12
MERGED from [com.google.firebase:firebase-iid-interop:16.0.1] AndroidManifest.xml:2:1-10:12
MERGED from [com.google.android.gms:play-services-base:16.0.1] AndroidManifest.xml:17:1-29:12
MERGED from [com.google.firebase:firebase-common:16.1.0] AndroidManifest.xml:2:1-19:12
MERGED from [com.google.android.gms:play-services-tasks:16.0.1] AndroidManifest.xml:2:1-9:12
MERGED from [com.google.firebase:firebase-measurement-connector:17.0.1] AndroidManifest.xml:17:1-25:12
MERGED from [com.google.android.gms:play-services-stats:16.0.1] AndroidManifest.xml:2:1-9:12
MERGED from [com.google.android.gms:play-services-ads-identifier:16.0.0] AndroidManifest.xml:17:1-24:12
MERGED from [com.google.android.gms:play-services-basement:16.1.0] AndroidManifest.xml:17:1-28:12
MERGED from [com.android.support:support-v4:27.0.1] AndroidManifest.xml:17:1-22:12
MERGED from [:libraries:kakaotalk] AndroidManifest.xml:2:1-11:12
MERGED from [com.android.support:appcompat-v7:27.0.1] AndroidManifest.xml:17:1-22:12
MERGED from [com.android.support:support-media-compat:27.0.1] AndroidManifest.xml:17:1-22:12
MERGED from [:libraries:friends] AndroidManifest.xml:2:1-11:12
MERGED from [:libraries:usermgmt] AndroidManifest.xml:2:1-11:12
MERGED from [:libraries:auth] AndroidManifest.xml:2:1-22:12
MERGED from [com.android.support:support-fragment:27.0.1] AndroidManifest.xml:17:1-22:12
MERGED from [com.android.support:support-core-utils:27.0.1] AndroidManifest.xml:17:1-22:12
MERGED from [com.android.support:animated-vector-drawable:27.0.1] AndroidManifest.xml:17:1-22:12
MERGED from [com.android.support:support-core-ui:27.0.1] AndroidManifest.xml:17:1-22:12
MERGED from [com.android.support:support-vector-drawable:27.0.1] AndroidManifest.xml:17:1-22:12
MERGED from [com.android.support:support-compat:27.0.1] AndroidManifest.xml:17:1-22:12
MERGED from [:libraries:message-template] AndroidManifest.xml:2:1-11:12
MERGED from [:libraries:network] AndroidManifest.xml:2:1-11:12
MERGED from [:libraries:common] AndroidManifest.xml:2:1-11:12
MERGED from [com.google.android.gms:play-services-gcm-license:12.0.1] AndroidManifest.xml:17:1-24:12
MERGED from [com.google.firebase:firebase-database-collection:16.0.1] AndroidManifest.xml:2:1-7:12
MERGED from [android.arch.lifecycle:runtime:1.0.0] AndroidManifest.xml:17:1-30:12
MERGED from [com.google.android.gms:play-services-iid-license:12.0.1] AndroidManifest.xml:17:1-24:12
MERGED from [com.google.android.gms:play-services-measurement-base:16.0.3] AndroidManifest.xml:2:1-9:12
MERGED from [:libraries:util] AndroidManifest.xml:2:1-11:12
INJECTED from src\main\AndroidManifest.xml:2:1-176:12
INJECTED from src\main\AndroidManifest.xml:2:1-176:12
	package
		ADDED from src\main\AndroidManifest.xml:3:5-35
	android:versionName
		INJECTED from src\main\AndroidManifest.xml
		ADDED from src\main\AndroidManifest.xml:2:1-176:12
		INJECTED from src\main\AndroidManifest.xml
	android:versionCode
		INJECTED from src\main\AndroidManifest.xml
		ADDED from src\main\AndroidManifest.xml:2:1-176:12
		INJECTED from src\main\AndroidManifest.xml
	xmlns:android
		ADDED from src\main\AndroidManifest.xml:2:11-69
uses-permission#android.permission.RECORD_AUDIO
ADDED from src\main\AndroidManifest.xml:5:5-71
	android:name
		ADDED from src\main\AndroidManifest.xml:5:22-68
uses-permission#android.permission.INTERNET
ADDED from src\main\AndroidManifest.xml:6:5-67
MERGED from [com.google.android.gms:play-services-gcm:12.0.1] AndroidManifest.xml:24:5-67
MERGED from [com.google.android.gms:play-services-gcm:12.0.1] AndroidManifest.xml:24:5-67
MERGED from [com.google.firebase:firebase-database:16.1.0] AndroidManifest.xml:26:5-67
MERGED from [com.google.firebase:firebase-database:16.1.0] AndroidManifest.xml:26:5-67
MERGED from [com.google.firebase:firebase-storage:16.1.0] AndroidManifest.xml:27:5-67
MERGED from [com.google.firebase:firebase-storage:16.1.0] AndroidManifest.xml:27:5-67
MERGED from [com.google.android.gms:play-services-iid:12.0.1] AndroidManifest.xml:24:5-67
MERGED from [com.google.android.gms:play-services-iid:12.0.1] AndroidManifest.xml:24:5-67
MERGED from [com.google.firebase:firebase-measurement-connector-impl:17.0.2] AndroidManifest.xml:22:5-67
MERGED from [com.google.firebase:firebase-measurement-connector-impl:17.0.2] AndroidManifest.xml:22:5-67
MERGED from [com.google.firebase:firebase-analytics:16.0.4] AndroidManifest.xml:23:5-67
MERGED from [com.google.firebase:firebase-analytics:16.0.4] AndroidManifest.xml:23:5-67
MERGED from [com.google.firebase:firebase-analytics-impl:16.2.2] AndroidManifest.xml:23:5-67
MERGED from [com.google.firebase:firebase-analytics-impl:16.2.2] AndroidManifest.xml:23:5-67
MERGED from [com.google.firebase:firebase-iid:17.0.3] AndroidManifest.xml:23:5-67
MERGED from [com.google.firebase:firebase-iid:17.0.3] AndroidManifest.xml:23:5-67
	android:name
		ADDED from src\main\AndroidManifest.xml:6:22-64
uses-permission#android.permission.READ_PHONE_STATE
ADDED from src\main\AndroidManifest.xml:7:5-75
	android:name
		ADDED from src\main\AndroidManifest.xml:7:22-72
uses-permission#android.permission.READ_EXTERNAL_STORAGE
ADDED from src\main\AndroidManifest.xml:8:5-80
	android:name
		ADDED from src\main\AndroidManifest.xml:8:22-77
uses-permission#android.permission.RECEIVE_BOOT_COMPLETED
ADDED from src\main\AndroidManifest.xml:9:5-81
	android:name
		ADDED from src\main\AndroidManifest.xml:9:22-78
uses-permission#android.permission.BLUETOOTH_ADMIN
ADDED from src\main\AndroidManifest.xml:10:5-74
	android:name
		ADDED from src\main\AndroidManifest.xml:10:22-71
uses-permission#android.permission.BLUETOOTH
ADDED from src\main\AndroidManifest.xml:11:5-68
	android:name
		ADDED from src\main\AndroidManifest.xml:11:22-65
uses-permission#android.permission.CALL_PHONE
ADDED from src\main\AndroidManifest.xml:12:5-69
	android:name
		ADDED from src\main\AndroidManifest.xml:12:22-66
uses-permission#android.permission.DIAL_PHONE
ADDED from src\main\AndroidManifest.xml:13:5-69
	android:name
		ADDED from src\main\AndroidManifest.xml:13:22-66
uses-permission#android.permission.VIBRATE
ADDED from src\main\AndroidManifest.xml:14:5-66
	android:name
		ADDED from src\main\AndroidManifest.xml:14:22-63
uses-permission#android.permission.SEND_SMS
ADDED from src\main\AndroidManifest.xml:15:5-67
	android:name
		ADDED from src\main\AndroidManifest.xml:15:22-64
application
ADDED from src\main\AndroidManifest.xml:17:5-175:19
MERGED from [com.google.android.gms:play-services-gcm:12.0.1] AndroidManifest.xml:26:5-20
MERGED from [com.google.android.gms:play-services-gcm:12.0.1] AndroidManifest.xml:26:5-20
MERGED from [com.google.firebase:firebase-messaging:17.3.3] AndroidManifest.xml:22:5-35:19
MERGED from [com.google.firebase:firebase-messaging:17.3.3] AndroidManifest.xml:22:5-35:19
MERGED from [com.google.firebase:firebase-database:16.1.0] AndroidManifest.xml:28:5-34:19
MERGED from [com.google.firebase:firebase-database:16.1.0] AndroidManifest.xml:28:5-34:19
MERGED from [com.google.firebase:firebase-storage:16.1.0] AndroidManifest.xml:29:5-35:19
MERGED from [com.google.firebase:firebase-storage:16.1.0] AndroidManifest.xml:29:5-35:19
MERGED from [com.google.firebase:firebase-auth:16.2.0] AndroidManifest.xml:23:5-40:19
MERGED from [com.google.firebase:firebase-auth:16.2.0] AndroidManifest.xml:23:5-40:19
MERGED from [com.google.android.gms:play-services-iid:12.0.1] AndroidManifest.xml:26:5-20
MERGED from [com.google.android.gms:play-services-iid:12.0.1] AndroidManifest.xml:26:5-20
MERGED from [com.google.firebase:firebase-auth-interop:16.0.1] AndroidManifest.xml:7:5-8:19
MERGED from [com.google.firebase:firebase-auth-interop:16.0.1] AndroidManifest.xml:7:5-8:19
MERGED from [com.google.firebase:firebase-core:16.0.4] AndroidManifest.xml:7:5-20
MERGED from [com.google.firebase:firebase-core:16.0.4] AndroidManifest.xml:7:5-20
MERGED from [com.google.firebase:firebase-measurement-connector-impl:17.0.2] AndroidManifest.xml:26:5-32:19
MERGED from [com.google.firebase:firebase-measurement-connector-impl:17.0.2] AndroidManifest.xml:26:5-32:19
MERGED from [com.google.firebase:firebase-analytics:16.0.4] AndroidManifest.xml:28:5-53:19
MERGED from [com.google.firebase:firebase-analytics:16.0.4] AndroidManifest.xml:28:5-53:19
MERGED from [com.google.android.gms:play-services-measurement-api:16.0.2] AndroidManifest.xml:22:5-23:19
MERGED from [com.google.android.gms:play-services-measurement-api:16.0.2] AndroidManifest.xml:22:5-23:19
MERGED from [com.google.firebase:firebase-analytics-impl:16.2.2] AndroidManifest.xml:28:5-38:19
MERGED from [com.google.firebase:firebase-analytics-impl:16.2.2] AndroidManifest.xml:28:5-38:19
MERGED from [com.google.firebase:firebase-iid:17.0.3] AndroidManifest.xml:28:5-57:19
MERGED from [com.google.firebase:firebase-iid:17.0.3] AndroidManifest.xml:28:5-57:19
MERGED from [com.google.firebase:firebase-iid-interop:16.0.1] AndroidManifest.xml:7:5-8:19
MERGED from [com.google.firebase:firebase-iid-interop:16.0.1] AndroidManifest.xml:7:5-8:19
MERGED from [com.google.android.gms:play-services-base:16.0.1] AndroidManifest.xml:22:5-27:19
MERGED from [com.google.android.gms:play-services-base:16.0.1] AndroidManifest.xml:22:5-27:19
MERGED from [com.google.firebase:firebase-common:16.1.0] AndroidManifest.xml:11:5-17:19
MERGED from [com.google.firebase:firebase-common:16.1.0] AndroidManifest.xml:11:5-17:19
MERGED from [com.google.android.gms:play-services-tasks:16.0.1] AndroidManifest.xml:7:5-20
MERGED from [com.google.android.gms:play-services-tasks:16.0.1] AndroidManifest.xml:7:5-20
MERGED from [com.google.firebase:firebase-measurement-connector:17.0.1] AndroidManifest.xml:22:5-23:19
MERGED from [com.google.firebase:firebase-measurement-connector:17.0.1] AndroidManifest.xml:22:5-23:19
MERGED from [com.google.android.gms:play-services-stats:16.0.1] AndroidManifest.xml:7:5-20
MERGED from [com.google.android.gms:play-services-stats:16.0.1] AndroidManifest.xml:7:5-20
MERGED from [com.google.android.gms:play-services-ads-identifier:16.0.0] AndroidManifest.xml:22:5-20
MERGED from [com.google.android.gms:play-services-ads-identifier:16.0.0] AndroidManifest.xml:22:5-20
MERGED from [com.google.android.gms:play-services-basement:16.1.0] AndroidManifest.xml:22:5-26:19
MERGED from [com.google.android.gms:play-services-basement:16.1.0] AndroidManifest.xml:22:5-26:19
MERGED from [:libraries:auth] AndroidManifest.xml:11:5-20:19
MERGED from [:libraries:auth] AndroidManifest.xml:11:5-20:19
MERGED from [com.google.android.gms:play-services-gcm-license:12.0.1] AndroidManifest.xml:22:5-20
MERGED from [com.google.android.gms:play-services-gcm-license:12.0.1] AndroidManifest.xml:22:5-20
MERGED from [android.arch.lifecycle:runtime:1.0.0] AndroidManifest.xml:24:5-28:19
MERGED from [android.arch.lifecycle:runtime:1.0.0] AndroidManifest.xml:24:5-28:19
MERGED from [com.google.android.gms:play-services-iid-license:12.0.1] AndroidManifest.xml:22:5-20
MERGED from [com.google.android.gms:play-services-iid-license:12.0.1] AndroidManifest.xml:22:5-20
MERGED from [com.google.android.gms:play-services-measurement-base:16.0.3] AndroidManifest.xml:7:5-20
MERGED from [com.google.android.gms:play-services-measurement-base:16.0.3] AndroidManifest.xml:7:5-20
	android:supportsRtl
		ADDED from src\main\AndroidManifest.xml:23:9-36
	android:label
		ADDED from src\main\AndroidManifest.xml:21:9-41
	android:icon
		ADDED from src\main\AndroidManifest.xml:20:9-38
	android:allowBackup
		ADDED from src\main\AndroidManifest.xml:19:9-36
	android:networkSecurityConfig
		ADDED from src\main\AndroidManifest.xml:22:9-69
	android:name
		ADDED from src\main\AndroidManifest.xml:18:9-49
meta-data#com.kakao.sdk.Phase
ADDED from src\main\AndroidManifest.xml:24:9-26:51
	android:value
		ADDED from src\main\AndroidManifest.xml:26:13-48
	android:name
		ADDED from src\main\AndroidManifest.xml:25:13-47
meta-data#com.kakao.sdk.AppKey
ADDED from src\main\AndroidManifest.xml:27:9-29:53
	android:value
		ADDED from src\main\AndroidManifest.xml:29:13-50
	android:name
		ADDED from src\main\AndroidManifest.xml:28:13-48
meta-data#com.kakao.sdk.ClientSecret
ADDED from src\main\AndroidManifest.xml:30:9-32:59
	android:value
		ADDED from src\main\AndroidManifest.xml:32:13-56
	android:name
		ADDED from src\main\AndroidManifest.xml:31:13-54
meta-data#com.google.android.gms.version
ADDED from src\main\AndroidManifest.xml:33:9-35:69
MERGED from [com.google.android.gms:play-services-basement:16.1.0] AndroidManifest.xml:23:9-25:69
MERGED from [com.google.android.gms:play-services-basement:16.1.0] AndroidManifest.xml:23:9-25:69
	android:value
		ADDED from src\main\AndroidManifest.xml:35:13-66
	android:name
		ADDED from src\main\AndroidManifest.xml:34:13-58
uses-library#org.apache.http.legacy
ADDED from src\main\AndroidManifest.xml:37:9-39:40
	android:required
		ADDED from src\main\AndroidManifest.xml:39:13-37
	android:name
		ADDED from src\main\AndroidManifest.xml:38:13-50
activity#com.kakao.sdk.sample.SplashActivity
ADDED from src\main\AndroidManifest.xml:41:9-50:20
	android:label
		ADDED from src\main\AndroidManifest.xml:43:13-45
	android:launchMode
		ADDED from src\main\AndroidManifest.xml:44:13-43
	android:theme
		ADDED from src\main\AndroidManifest.xml:45:13-69
	android:name
		ADDED from src\main\AndroidManifest.xml:42:13-43
intent-filter#action:name:android.intent.action.MAIN+category:name:android.intent.category.LAUNCHER
ADDED from src\main\AndroidManifest.xml:46:13-49:29
action#android.intent.action.MAIN
ADDED from src\main\AndroidManifest.xml:47:17-69
	android:name
		ADDED from src\main\AndroidManifest.xml:47:25-66
category#android.intent.category.LAUNCHER
ADDED from src\main\AndroidManifest.xml:48:17-77
	android:name
		ADDED from src\main\AndroidManifest.xml:48:27-74
activity#com.kakao.sdk.sample.MainActivity
ADDED from src\main\AndroidManifest.xml:51:9-55:72
	android:screenOrientation
		ADDED from src\main\AndroidManifest.xml:53:13-49
	android:windowSoftInputMode
		ADDED from src\main\AndroidManifest.xml:55:13-60
	android:theme
		ADDED from src\main\AndroidManifest.xml:54:13-69
	android:name
		ADDED from src\main\AndroidManifest.xml:52:13-41
activity#com.kakao.sdk.sample.ChatActivity_mode1
ADDED from src\main\AndroidManifest.xml:56:9-60:72
	android:screenOrientation
		ADDED from src\main\AndroidManifest.xml:58:13-49
	android:windowSoftInputMode
		ADDED from src\main\AndroidManifest.xml:60:13-60
	android:theme
		ADDED from src\main\AndroidManifest.xml:59:13-69
	android:name
		ADDED from src\main\AndroidManifest.xml:57:13-47
activity#com.kakao.sdk.sample.ChatActivity_mode2
ADDED from src\main\AndroidManifest.xml:61:9-65:72
	android:screenOrientation
		ADDED from src\main\AndroidManifest.xml:63:13-49
	android:windowSoftInputMode
		ADDED from src\main\AndroidManifest.xml:65:13-60
	android:theme
		ADDED from src\main\AndroidManifest.xml:64:13-69
	android:name
		ADDED from src\main\AndroidManifest.xml:62:13-47
activity#com.kakao.sdk.sample.ChatActivity_device
ADDED from src\main\AndroidManifest.xml:66:9-72:72
	android:screenOrientation
		ADDED from src\main\AndroidManifest.xml:70:13-49
	android:label
		ADDED from src\main\AndroidManifest.xml:69:13-45
	android:windowSoftInputMode
		ADDED from src\main\AndroidManifest.xml:72:13-60
	android:configChanges
		ADDED from src\main\AndroidManifest.xml:68:13-63
	android:theme
		ADDED from src\main\AndroidManifest.xml:71:13-44
	android:name
		ADDED from src\main\AndroidManifest.xml:67:13-48
activity#com.kakao.sdk.sample.ModeActivity
ADDED from src\main\AndroidManifest.xml:73:9-77:72
	android:screenOrientation
		ADDED from src\main\AndroidManifest.xml:75:13-49
	android:windowSoftInputMode
		ADDED from src\main\AndroidManifest.xml:77:13-60
	android:theme
		ADDED from src\main\AndroidManifest.xml:76:13-69
	android:name
		ADDED from src\main\AndroidManifest.xml:74:13-41
activity#com.kakao.sdk.sample.ChatActivity_mode3_deaf
ADDED from src\main\AndroidManifest.xml:78:9-82:72
	android:screenOrientation
		ADDED from src\main\AndroidManifest.xml:80:13-49
	android:windowSoftInputMode
		ADDED from src\main\AndroidManifest.xml:82:13-60
	android:theme
		ADDED from src\main\AndroidManifest.xml:81:13-69
	android:name
		ADDED from src\main\AndroidManifest.xml:79:13-52
activity#com.kakao.sdk.sample.ChatActivity_mode3_nondeaf
ADDED from src\main\AndroidManifest.xml:83:9-87:72
	android:screenOrientation
		ADDED from src\main\AndroidManifest.xml:85:13-49
	android:windowSoftInputMode
		ADDED from src\main\AndroidManifest.xml:87:13-60
	android:theme
		ADDED from src\main\AndroidManifest.xml:86:13-69
	android:name
		ADDED from src\main\AndroidManifest.xml:84:13-55
activity#com.kakao.sdk.sample.ChatActivity_mode3_select
ADDED from src\main\AndroidManifest.xml:88:9-92:72
	android:screenOrientation
		ADDED from src\main\AndroidManifest.xml:90:13-49
	android:windowSoftInputMode
		ADDED from src\main\AndroidManifest.xml:92:13-60
	android:theme
		ADDED from src\main\AndroidManifest.xml:91:13-69
	android:name
		ADDED from src\main\AndroidManifest.xml:89:13-54
activity#com.kakao.sdk.sample.common.SampleSignupActivity
ADDED from src\main\AndroidManifest.xml:93:9-97:75
	android:launchMode
		ADDED from src\main\AndroidManifest.xml:96:13-43
	android:configChanges
		ADDED from src\main\AndroidManifest.xml:95:13-59
	android:theme
		ADDED from src\main\AndroidManifest.xml:97:13-72
	android:name
		ADDED from src\main\AndroidManifest.xml:94:13-56
activity#com.kakao.sdk.sample.KakaoServiceListActivity
ADDED from src\main\AndroidManifest.xml:98:9-100:46
	android:launchMode
		ADDED from src\main\AndroidManifest.xml:100:13-43
	android:name
		ADDED from src\main\AndroidManifest.xml:99:13-53
activity#com.kakao.sdk.sample.kakaotalk.KakaoTalkMainActivity
ADDED from src\main\AndroidManifest.xml:101:9-116:20
	android:launchMode
		ADDED from src\main\AndroidManifest.xml:104:13-43
	android:windowSoftInputMode
		ADDED from src\main\AndroidManifest.xml:105:13-55
	android:configChanges
		ADDED from src\main\AndroidManifest.xml:103:13-59
	android:name
		ADDED from src\main\AndroidManifest.xml:102:13-60
intent-filter#action:name:android.intent.action.VIEW+category:name:android.intent.category.BROWSABLE+category:name:android.intent.category.DEFAULT+data:host:@string/kakaotalk_host+data:scheme:@string/kakao_scheme
ADDED from src\main\AndroidManifest.xml:106:13-115:29
action#android.intent.action.VIEW
ADDED from src\main\AndroidManifest.xml:107:17-69
	android:name
		ADDED from src\main\AndroidManifest.xml:107:25-66
category#android.intent.category.DEFAULT
ADDED from src\main\AndroidManifest.xml:109:17-76
	android:name
		ADDED from src\main\AndroidManifest.xml:109:27-73
category#android.intent.category.BROWSABLE
ADDED from src\main\AndroidManifest.xml:110:17-78
	android:name
		ADDED from src\main\AndroidManifest.xml:110:27-75
data
ADDED from src\main\AndroidManifest.xml:112:17-114:61
	android:host
		ADDED from src\main\AndroidManifest.xml:113:21-58
	android:scheme
		ADDED from src\main\AndroidManifest.xml:114:21-58
activity#com.kakao.sdk.sample.KakaoTalkFriendListActivity
ADDED from src\main\AndroidManifest.xml:117:9-121:72
	android:launchMode
		ADDED from src\main\AndroidManifest.xml:120:13-43
	android:windowSoftInputMode
		ADDED from src\main\AndroidManifest.xml:121:13-60
	android:configChanges
		ADDED from src\main\AndroidManifest.xml:119:13-59
	android:name
		ADDED from src\main\AndroidManifest.xml:118:13-56
activity#com.kakao.sdk.sample.kakaotalk.KakaoTalkChatListActivity
ADDED from src\main\AndroidManifest.xml:122:9-126:67
	android:launchMode
		ADDED from src\main\AndroidManifest.xml:125:13-43
	android:windowSoftInputMode
		ADDED from src\main\AndroidManifest.xml:126:13-55
	android:configChanges
		ADDED from src\main\AndroidManifest.xml:124:13-59
	android:name
		ADDED from src\main\AndroidManifest.xml:123:13-64
activity#com.kakao.sdk.sample.push.PushMainActivity
ADDED from src\main\AndroidManifest.xml:129:9-132:46
	android:launchMode
		ADDED from src\main\AndroidManifest.xml:132:13-43
	android:configChanges
		ADDED from src\main\AndroidManifest.xml:131:13-59
	android:name
		ADDED from src\main\AndroidManifest.xml:130:13-50
activity#com.kakao.sdk.sample.DeviceListActivity
ADDED from src\main\AndroidManifest.xml:134:9-138:64
	android:label
		ADDED from src\main\AndroidManifest.xml:137:13-50
	android:configChanges
		ADDED from src\main\AndroidManifest.xml:136:13-63
	android:theme
		ADDED from src\main\AndroidManifest.xml:138:13-61
	android:name
		ADDED from src\main\AndroidManifest.xml:135:13-47
service#com.kakao.sdk.sample.FireBaseMessagingService
ADDED from src\main\AndroidManifest.xml:141:9-145:19
	android:name
		ADDED from src\main\AndroidManifest.xml:141:18-58
intent-filter#action:name:com.google.firebase.MESSAGING_EVENT
ADDED from src\main\AndroidManifest.xml:142:13-144:29
action#com.google.firebase.MESSAGING_EVENT
ADDED from src\main\AndroidManifest.xml:143:17-78
	android:name
		ADDED from src\main\AndroidManifest.xml:143:25-75
service#com.kakao.sdk.sample.FirebaseInstanceIDService
ADDED from src\main\AndroidManifest.xml:146:9-150:19
	android:name
		ADDED from src\main\AndroidManifest.xml:146:18-59
intent-filter#action:name:com.google.firebase.INSTANCE_ID_EVENT
ADDED from src\main\AndroidManifest.xml:147:13-149:29
action#com.google.firebase.INSTANCE_ID_EVENT
ADDED from src\main\AndroidManifest.xml:148:17-80
	android:name
		ADDED from src\main\AndroidManifest.xml:148:25-77
service#com.kakao.sdk.sample.MyService
ADDED from src\main\AndroidManifest.xml:151:9-53
	android:name
		ADDED from src\main\AndroidManifest.xml:151:18-42
receiver#com.kakao.sdk.sample.BootReceiver
ADDED from src\main\AndroidManifest.xml:153:9-160:20
	android:enabled
		ADDED from src\main\AndroidManifest.xml:155:13-35
	android:exported
		ADDED from src\main\AndroidManifest.xml:156:13-37
	android:name
		ADDED from src\main\AndroidManifest.xml:154:13-41
intent-filter#action:name:android.intent.action.BOOT_COMPLETED
ADDED from src\main\AndroidManifest.xml:157:13-159:29
action#android.intent.action.BOOT_COMPLETED
ADDED from src\main\AndroidManifest.xml:158:17-79
	android:name
		ADDED from src\main\AndroidManifest.xml:158:25-76
receiver#com.kakao.auth.TokenAlarmReceiver
ADDED from src\main\AndroidManifest.xml:161:9-79
	android:name
		ADDED from src\main\AndroidManifest.xml:161:19-67
activity#com.kakao.sdk.sample.usermgmt.UsermgmtMainActivity
ADDED from src\main\AndroidManifest.xml:163:9-167:70
	android:launchMode
		ADDED from src\main\AndroidManifest.xml:166:13-43
	android:windowSoftInputMode
		ADDED from src\main\AndroidManifest.xml:167:13-67
	android:configChanges
		ADDED from src\main\AndroidManifest.xml:165:13-74
	android:name
		ADDED from src\main\AndroidManifest.xml:164:13-58
activity#com.kakao.sdk.sample.FriendsMainActivity
ADDED from src\main\AndroidManifest.xml:168:9-173:70
	android:launchMode
		ADDED from src\main\AndroidManifest.xml:171:13-43
	android:windowSoftInputMode
		ADDED from src\main\AndroidManifest.xml:173:13-67
	android:configChanges
		ADDED from src\main\AndroidManifest.xml:170:13-74
	android:theme
		ADDED from src\main\AndroidManifest.xml:172:13-69
	android:name
		ADDED from src\main\AndroidManifest.xml:169:13-48
uses-sdk
INJECTED from src\main\AndroidManifest.xml reason: use-sdk injection requested
INJECTED from src\main\AndroidManifest.xml
INJECTED from src\main\AndroidManifest.xml
MERGED from [:libraries:push] AndroidManifest.xml:7:5-9:41
MERGED from [:libraries:push] AndroidManifest.xml:7:5-9:41
MERGED from [com.google.android.gms:play-services-gcm:12.0.1] AndroidManifest.xml:20:5-44
MERGED from [com.google.android.gms:play-services-gcm:12.0.1] AndroidManifest.xml:20:5-44
MERGED from [com.google.firebase:firebase-messaging:17.3.3] AndroidManifest.xml:20:5-44
MERGED from [com.google.firebase:firebase-messaging:17.3.3] AndroidManifest.xml:20:5-44
MERGED from [com.google.firebase:firebase-database:16.1.0] AndroidManifest.xml:19:5-21:41
MERGED from [com.google.firebase:firebase-database:16.1.0] AndroidManifest.xml:19:5-21:41
MERGED from [com.google.firebase:firebase-storage:16.1.0] AndroidManifest.xml:20:5-22:41
MERGED from [com.google.firebase:firebase-storage:16.1.0] AndroidManifest.xml:20:5-22:41
MERGED from [com.google.firebase:firebase-auth:16.2.0] AndroidManifest.xml:21:5-44
MERGED from [com.google.firebase:firebase-auth:16.2.0] AndroidManifest.xml:21:5-44
MERGED from [com.google.android.gms:play-services-iid:12.0.1] AndroidManifest.xml:20:5-44
MERGED from [com.google.android.gms:play-services-iid:12.0.1] AndroidManifest.xml:20:5-44
MERGED from [com.google.android.gms:play-services-flags:16.0.1] AndroidManifest.xml:20:5-44
MERGED from [com.google.android.gms:play-services-flags:16.0.1] AndroidManifest.xml:20:5-44
MERGED from [com.google.firebase:firebase-auth-interop:16.0.1] AndroidManifest.xml:5:5-44
MERGED from [com.google.firebase:firebase-auth-interop:16.0.1] AndroidManifest.xml:5:5-44
MERGED from [com.google.firebase:firebase-core:16.0.4] AndroidManifest.xml:5:5-44
MERGED from [com.google.firebase:firebase-core:16.0.4] AndroidManifest.xml:5:5-44
MERGED from [com.google.firebase:firebase-measurement-connector-impl:17.0.2] AndroidManifest.xml:20:5-44
MERGED from [com.google.firebase:firebase-measurement-connector-impl:17.0.2] AndroidManifest.xml:20:5-44
MERGED from [com.google.firebase:firebase-analytics:16.0.4] AndroidManifest.xml:20:5-44
MERGED from [com.google.firebase:firebase-analytics:16.0.4] AndroidManifest.xml:20:5-44
MERGED from [com.google.android.gms:play-services-measurement-api:16.0.2] AndroidManifest.xml:20:5-44
MERGED from [com.google.android.gms:play-services-measurement-api:16.0.2] AndroidManifest.xml:20:5-44
MERGED from [com.google.firebase:firebase-analytics-impl:16.2.2] AndroidManifest.xml:20:5-44
MERGED from [com.google.firebase:firebase-analytics-impl:16.2.2] AndroidManifest.xml:20:5-44
MERGED from [com.google.firebase:firebase-iid:17.0.3] AndroidManifest.xml:20:5-44
MERGED from [com.google.firebase:firebase-iid:17.0.3] AndroidManifest.xml:20:5-44
MERGED from [com.google.firebase:firebase-iid-interop:16.0.1] AndroidManifest.xml:5:5-44
MERGED from [com.google.firebase:firebase-iid-interop:16.0.1] AndroidManifest.xml:5:5-44
MERGED from [com.google.android.gms:play-services-base:16.0.1] AndroidManifest.xml:20:5-44
MERGED from [com.google.android.gms:play-services-base:16.0.1] AndroidManifest.xml:20:5-44
MERGED from [com.google.firebase:firebase-common:16.1.0] AndroidManifest.xml:6:5-8:41
MERGED from [com.google.firebase:firebase-common:16.1.0] AndroidManifest.xml:6:5-8:41
MERGED from [com.google.android.gms:play-services-tasks:16.0.1] AndroidManifest.xml:5:5-44
MERGED from [com.google.android.gms:play-services-tasks:16.0.1] AndroidManifest.xml:5:5-44
MERGED from [com.google.firebase:firebase-measurement-connector:17.0.1] AndroidManifest.xml:20:5-44
MERGED from [com.google.firebase:firebase-measurement-connector:17.0.1] AndroidManifest.xml:20:5-44
MERGED from [com.google.android.gms:play-services-stats:16.0.1] AndroidManifest.xml:5:5-44
MERGED from [com.google.android.gms:play-services-stats:16.0.1] AndroidManifest.xml:5:5-44
MERGED from [com.google.android.gms:play-services-ads-identifier:16.0.0] AndroidManifest.xml:20:5-44
MERGED from [com.google.android.gms:play-services-ads-identifier:16.0.0] AndroidManifest.xml:20:5-44
MERGED from [com.google.android.gms:play-services-basement:16.1.0] AndroidManifest.xml:20:5-44
MERGED from [com.google.android.gms:play-services-basement:16.1.0] AndroidManifest.xml:20:5-44
MERGED from [com.android.support:support-v4:27.0.1] AndroidManifest.xml:20:5-44
MERGED from [com.android.support:support-v4:27.0.1] AndroidManifest.xml:20:5-44
MERGED from [:libraries:kakaotalk] AndroidManifest.xml:7:5-9:41
MERGED from [:libraries:kakaotalk] AndroidManifest.xml:7:5-9:41
MERGED from [com.android.support:appcompat-v7:27.0.1] AndroidManifest.xml:20:5-44
MERGED from [com.android.support:appcompat-v7:27.0.1] AndroidManifest.xml:20:5-44
MERGED from [com.android.support:support-media-compat:27.0.1] AndroidManifest.xml:20:5-44
MERGED from [com.android.support:support-media-compat:27.0.1] AndroidManifest.xml:20:5-44
MERGED from [:libraries:friends] AndroidManifest.xml:7:5-9:41
MERGED from [:libraries:friends] AndroidManifest.xml:7:5-9:41
MERGED from [:libraries:usermgmt] AndroidManifest.xml:7:5-9:41
MERGED from [:libraries:usermgmt] AndroidManifest.xml:7:5-9:41
MERGED from [:libraries:auth] AndroidManifest.xml:7:5-9:41
MERGED from [:libraries:auth] AndroidManifest.xml:7:5-9:41